Analysis & Synthesis report for P-Automated-Farm
Fri Jun 23 17:17:12 2023
Quartus Prime Version 20.1.0 Build 711 06/05/2020 SJ Lite Edition


---------------------
; Table of Contents ;
---------------------
  1. Legal Notice
  2. Analysis & Synthesis Summary
  3. Analysis & Synthesis Settings
  4. Parallel Compilation
  5. Analysis & Synthesis Source Files Read
  6. Analysis & Synthesis Resource Usage Summary
  7. Analysis & Synthesis Resource Utilization by Entity
  8. Registers Removed During Synthesis
  9. General Register Statistics
 10. Inverted Register Statistics
 11. Port Connectivity Checks: "FSM_LF:fsm_1|ffD:FFD_1"
 12. Port Connectivity Checks: "FSM_LF:fsm_1|ffD:FFD_0"
 13. Port Connectivity Checks: "FSM_LF:fsm_1"
 14. Port Connectivity Checks: "FSM_C:fsm_0|ffD:FQ1"
 15. Port Connectivity Checks: "FSM_C:fsm_0|ffD:FQ0"
 16. Port Connectivity Checks: "FSM_C:fsm_0"
 17. Port Connectivity Checks: "contador:cont_C|ffJK:cont_3"
 18. Port Connectivity Checks: "contador:cont_C|ffJK:cont_2"
 19. Port Connectivity Checks: "contador:cont_C|ffJK:cont_1"
 20. Port Connectivity Checks: "contador:cont_C|ffJK:cont_0"
 21. Port Connectivity Checks: "div_frec:div_ffD"
 22. Port Connectivity Checks: "div_frec:div_cont"
 23. Post-Synthesis Netlist Statistics for Top Partition
 24. Elapsed Time Per Partition
 25. Analysis & Synthesis Messages



----------------
; Legal Notice ;
----------------
Copyright (C) 2020  Intel Corporation. All rights reserved.
Your use of Intel Corporation's design tools, logic functions 
and other software and tools, and any partner logic 
functions, and any output files from any of the foregoing 
(including device programming or simulation files), and any 
associated documentation or information are expressly subject 
to the terms and conditions of the Intel Program License 
Subscription Agreement, the Intel Quartus Prime License Agreement,
the Intel FPGA IP License Agreement, or other applicable license
agreement, including, without limitation, that your use is for
the sole purpose of programming logic devices manufactured by
Intel and sold by Intel or its authorized distributors.  Please
refer to the applicable agreement for further details, at
https://fpgasoftware.intel.com/eula.



+----------------------------------------------------------------------------------+
; Analysis & Synthesis Summary                                                     ;
+------------------------------------+---------------------------------------------+
; Analysis & Synthesis Status        ; Successful - Fri Jun 23 17:17:12 2023       ;
; Quartus Prime Version              ; 20.1.0 Build 711 06/05/2020 SJ Lite Edition ;
; Revision Name                      ; P-Automated-Farm                            ;
; Top-level Entity Name              ; main                                        ;
; Family                             ; Cyclone IV E                                ;
; Total logic elements               ; 112                                         ;
;     Total combinational functions  ; 112                                         ;
;     Dedicated logic registers      ; 62                                          ;
; Total registers                    ; 62                                          ;
; Total pins                         ; 12                                          ;
; Total virtual pins                 ; 0                                           ;
; Total memory bits                  ; 0                                           ;
; Embedded Multiplier 9-bit elements ; 0                                           ;
; Total PLLs                         ; 0                                           ;
+------------------------------------+---------------------------------------------+


+------------------------------------------------------------------------------------------------------------+
; Analysis & Synthesis Settings                                                                              ;
+------------------------------------------------------------------+--------------------+--------------------+
; Option                                                           ; Setting            ; Default Value      ;
+------------------------------------------------------------------+--------------------+--------------------+
; Device                                                           ; EP4CE10E22C8       ;                    ;
; Top-level entity name                                            ; main               ; P-Automated-Farm   ;
; Family name                                                      ; Cyclone IV E       ; Cyclone V          ;
; Use smart compilation                                            ; Off                ; Off                ;
; Enable parallel Assembler and Timing Analyzer during compilation ; On                 ; On                 ;
; Enable compact report table                                      ; Off                ; Off                ;
; Restructure Multiplexers                                         ; Auto               ; Auto               ;
; Create Debugging Nodes for IP Cores                              ; Off                ; Off                ;
; Preserve fewer node names                                        ; On                 ; On                 ;
; Intel FPGA IP Evaluation Mode                                    ; Enable             ; Enable             ;
; Verilog Version                                                  ; Verilog_2001       ; Verilog_2001       ;
; VHDL Version                                                     ; VHDL_1993          ; VHDL_1993          ;
; State Machine Processing                                         ; Auto               ; Auto               ;
; Safe State Machine                                               ; Off                ; Off                ;
; Extract Verilog State Machines                                   ; On                 ; On                 ;
; Extract VHDL State Machines                                      ; On                 ; On                 ;
; Ignore Verilog initial constructs                                ; Off                ; Off                ;
; Iteration limit for constant Verilog loops                       ; 5000               ; 5000               ;
; Iteration limit for non-constant Verilog loops                   ; 250                ; 250                ;
; Add Pass-Through Logic to Inferred RAMs                          ; On                 ; On                 ;
; Infer RAMs from Raw Logic                                        ; On                 ; On                 ;
; Parallel Synthesis                                               ; On                 ; On                 ;
; DSP Block Balancing                                              ; Auto               ; Auto               ;
; NOT Gate Push-Back                                               ; On                 ; On                 ;
; Power-Up Don't Care                                              ; On                 ; On                 ;
; Remove Redundant Logic Cells                                     ; Off                ; Off                ;
; Remove Duplicate Registers                                       ; On                 ; On                 ;
; Ignore CARRY Buffers                                             ; Off                ; Off                ;
; Ignore CASCADE Buffers                                           ; Off                ; Off                ;
; Ignore GLOBAL Buffers                                            ; Off                ; Off                ;
; Ignore ROW GLOBAL Buffers                                        ; Off                ; Off                ;
; Ignore LCELL Buffers                                             ; Off                ; Off                ;
; Ignore SOFT Buffers                                              ; On                 ; On                 ;
; Limit AHDL Integers to 32 Bits                                   ; Off                ; Off                ;
; Optimization Technique                                           ; Balanced           ; Balanced           ;
; Carry Chain Length                                               ; 70                 ; 70                 ;
; Auto Carry Chains                                                ; On                 ; On                 ;
; Auto Open-Drain Pins                                             ; On                 ; On                 ;
; Perform WYSIWYG Primitive Resynthesis                            ; Off                ; Off                ;
; Auto ROM Replacement                                             ; On                 ; On                 ;
; Auto RAM Replacement                                             ; On                 ; On                 ;
; Auto DSP Block Replacement                                       ; On                 ; On                 ;
; Auto Shift Register Replacement                                  ; Auto               ; Auto               ;
; Allow Shift Register Merging across Hierarchies                  ; Auto               ; Auto               ;
; Auto Clock Enable Replacement                                    ; On                 ; On                 ;
; Strict RAM Replacement                                           ; Off                ; Off                ;
; Allow Synchronous Control Signals                                ; On                 ; On                 ;
; Force Use of Synchronous Clear Signals                           ; Off                ; Off                ;
; Auto RAM Block Balancing                                         ; On                 ; On                 ;
; Auto RAM to Logic Cell Conversion                                ; Off                ; Off                ;
; Auto Resource Sharing                                            ; Off                ; Off                ;
; Allow Any RAM Size For Recognition                               ; Off                ; Off                ;
; Allow Any ROM Size For Recognition                               ; Off                ; Off                ;
; Allow Any Shift Register Size For Recognition                    ; Off                ; Off                ;
; Use LogicLock Constraints during Resource Balancing              ; On                 ; On                 ;
; Ignore translate_off and synthesis_off directives                ; Off                ; Off                ;
; Timing-Driven Synthesis                                          ; On                 ; On                 ;
; Report Parameter Settings                                        ; On                 ; On                 ;
; Report Source Assignments                                        ; On                 ; On                 ;
; Report Connectivity Checks                                       ; On                 ; On                 ;
; Ignore Maximum Fan-Out Assignments                               ; Off                ; Off                ;
; Synchronization Register Chain Length                            ; 2                  ; 2                  ;
; Power Optimization During Synthesis                              ; Normal compilation ; Normal compilation ;
; HDL message level                                                ; Level2             ; Level2             ;
; Suppress Register Optimization Related Messages                  ; Off                ; Off                ;
; Number of Removed Registers Reported in Synthesis Report         ; 5000               ; 5000               ;
; Number of Swept Nodes Reported in Synthesis Report               ; 5000               ; 5000               ;
; Number of Inverted Registers Reported in Synthesis Report        ; 100                ; 100                ;
; Clock MUX Protection                                             ; On                 ; On                 ;
; Auto Gated Clock Conversion                                      ; Off                ; Off                ;
; Block Design Naming                                              ; Auto               ; Auto               ;
; SDC constraint protection                                        ; Off                ; Off                ;
; Synthesis Effort                                                 ; Auto               ; Auto               ;
; Shift Register Replacement - Allow Asynchronous Clear Signal     ; On                 ; On                 ;
; Pre-Mapping Resynthesis Optimization                             ; Off                ; Off                ;
; Analysis & Synthesis Message Level                               ; Medium             ; Medium             ;
; Disable Register Merging Across Hierarchies                      ; Auto               ; Auto               ;
; Resource Aware Inference For Block RAM                           ; On                 ; On                 ;
+------------------------------------------------------------------+--------------------+--------------------+


+------------------------------------------+
; Parallel Compilation                     ;
+----------------------------+-------------+
; Processors                 ; Number      ;
+----------------------------+-------------+
; Number detected on machine ; 4           ;
; Maximum allowed            ; 2           ;
;                            ;             ;
; Average used               ; 1.00        ;
; Maximum used               ; 2           ;
;                            ;             ;
; Usage by Processor         ; % Time Used ;
;     Processor 1            ; 100.0%      ;
;     Processor 2            ;   0.0%      ;
+----------------------------+-------------+


+------------------------------------------------------------------------------------------------------------------------------------------------+
; Analysis & Synthesis Source Files Read                                                                                                         ;
+----------------------------------+-----------------+-----------------+---------------------------------------------------------------+---------+
; File Name with User-Entered Path ; Used in Netlist ; File Type       ; File Name with Absolute Path                                  ; Library ;
+----------------------------------+-----------------+-----------------+---------------------------------------------------------------+---------+
; main.vhd                         ; yes             ; User VHDL File  ; C:/intelFPGA_lite/20.1/proyects/P-Automated-Farm/main.vhd     ;         ;
; contador.vhd                     ; yes             ; User VHDL File  ; C:/intelFPGA_lite/20.1/proyects/P-Automated-Farm/contador.vhd ;         ;
; ffJK.vhd                         ; yes             ; User VHDL File  ; C:/intelFPGA_lite/20.1/proyects/P-Automated-Farm/ffJK.vhd     ;         ;
; div_frec.vhd                     ; yes             ; User VHDL File  ; C:/intelFPGA_lite/20.1/proyects/P-Automated-Farm/div_frec.vhd ;         ;
; ffD.vhd                          ; yes             ; User VHDL File  ; C:/intelFPGA_lite/20.1/proyects/P-Automated-Farm/ffD.vhd      ;         ;
; FSM_LF.vhd                       ; yes             ; User VHDL File  ; C:/intelFPGA_lite/20.1/proyects/P-Automated-Farm/FSM_LF.vhd   ;         ;
; FSM_C.vhd                        ; yes             ; User VHDL File  ; C:/intelFPGA_lite/20.1/proyects/P-Automated-Farm/FSM_C.vhd    ;         ;
+----------------------------------+-----------------+-----------------+---------------------------------------------------------------+---------+


+---------------------------------------------------------+
; Analysis & Synthesis Resource Usage Summary             ;
+---------------------------------------------+-----------+
; Resource                                    ; Usage     ;
+---------------------------------------------+-----------+
; Estimated Total logic elements              ; 112       ;
;                                             ;           ;
; Total combinational functions               ; 112       ;
; Logic element usage by number of LUT inputs ;           ;
;     -- 4 input functions                    ; 21        ;
;     -- 3 input functions                    ; 7         ;
;     -- <=2 input functions                  ; 84        ;
;                                             ;           ;
; Logic elements by mode                      ;           ;
;     -- normal mode                          ; 59        ;
;     -- arithmetic mode                      ; 53        ;
;                                             ;           ;
; Total registers                             ; 62        ;
;     -- Dedicated logic registers            ; 62        ;
;     -- I/O registers                        ; 0         ;
;                                             ;           ;
; I/O pins                                    ; 12        ;
;                                             ;           ;
; Embedded Multiplier 9-bit elements          ; 0         ;
;                                             ;           ;
; Maximum fan-out node                        ; clk~input ;
; Maximum fan-out                             ; 56        ;
; Total fan-out                               ; 409       ;
; Average fan-out                             ; 2.07      ;
+---------------------------------------------+-----------+


+-------------------------------------------------------------------------------------------------------------------------------------------------------------------------------------------------------------------------+
; Analysis & Synthesis Resource Utilization by Entity                                                                                                                                                                     ;
+----------------------------+---------------------+---------------------------+-------------+--------------+---------+-----------+------+--------------+------------------------------------+-------------+--------------+
; Compilation Hierarchy Node ; Combinational ALUTs ; Dedicated Logic Registers ; Memory Bits ; DSP Elements ; DSP 9x9 ; DSP 18x18 ; Pins ; Virtual Pins ; Full Hierarchy Name                ; Entity Name ; Library Name ;
+----------------------------+---------------------+---------------------------+-------------+--------------+---------+-----------+------+--------------+------------------------------------+-------------+--------------+
; |main                      ; 112 (2)             ; 62 (0)                    ; 0           ; 0            ; 0       ; 0         ; 12   ; 0            ; |main                              ; main        ; work         ;
;    |FSM_LF:fsm_1|          ; 3 (3)               ; 2 (0)                     ; 0           ; 0            ; 0       ; 0         ; 0    ; 0            ; |main|FSM_LF:fsm_1                 ; FSM_LF      ; work         ;
;       |ffD:FFD_0|          ; 0 (0)               ; 1 (1)                     ; 0           ; 0            ; 0       ; 0         ; 0    ; 0            ; |main|FSM_LF:fsm_1|ffD:FFD_0       ; ffD         ; work         ;
;       |ffD:FFD_1|          ; 0 (0)               ; 1 (1)                     ; 0           ; 0            ; 0       ; 0         ; 0    ; 0            ; |main|FSM_LF:fsm_1|ffD:FFD_1       ; ffD         ; work         ;
;    |contador:cont_LF|      ; 6 (2)               ; 4 (0)                     ; 0           ; 0            ; 0       ; 0         ; 0    ; 0            ; |main|contador:cont_LF             ; contador    ; work         ;
;       |ffJK:cont_0|        ; 1 (1)               ; 1 (1)                     ; 0           ; 0            ; 0       ; 0         ; 0    ; 0            ; |main|contador:cont_LF|ffJK:cont_0 ; ffJK        ; work         ;
;       |ffJK:cont_1|        ; 1 (1)               ; 1 (1)                     ; 0           ; 0            ; 0       ; 0         ; 0    ; 0            ; |main|contador:cont_LF|ffJK:cont_1 ; ffJK        ; work         ;
;       |ffJK:cont_2|        ; 1 (1)               ; 1 (1)                     ; 0           ; 0            ; 0       ; 0         ; 0    ; 0            ; |main|contador:cont_LF|ffJK:cont_2 ; ffJK        ; work         ;
;       |ffJK:cont_3|        ; 1 (1)               ; 1 (1)                     ; 0           ; 0            ; 0       ; 0         ; 0    ; 0            ; |main|contador:cont_LF|ffJK:cont_3 ; ffJK        ; work         ;
;    |div_frec:div_cont|     ; 51 (51)             ; 29 (29)                   ; 0           ; 0            ; 0       ; 0         ; 0    ; 0            ; |main|div_frec:div_cont            ; div_frec    ; work         ;
;    |div_frec:div_ffD|      ; 50 (50)             ; 27 (27)                   ; 0           ; 0            ; 0       ; 0         ; 0    ; 0            ; |main|div_frec:div_ffD             ; div_frec    ; work         ;
+----------------------------+---------------------+---------------------------+-------------+--------------+---------+-----------+------+--------------+------------------------------------+-------------+--------------+
Note: For table entries with two numbers listed, the numbers in parentheses indicate the number of resources of the given type used by the specific entity alone. The numbers listed outside of parentheses indicate the total resources of the given type used by the specific entity and all of its sub-entities in the hierarchy.


+---------------------------------------------------------------------------------+
; Registers Removed During Synthesis                                              ;
+---------------------------------------+-----------------------------------------+
; Register name                         ; Reason for Removal                      ;
+---------------------------------------+-----------------------------------------+
; div_frec:div_ffD|cuenta[0]            ; Merged with div_frec:div_cont|cuenta[0] ;
; div_frec:div_ffD|cuenta[1]            ; Merged with div_frec:div_cont|cuenta[1] ;
; Total Number of Removed Registers = 2 ;                                         ;
+---------------------------------------+-----------------------------------------+


+------------------------------------------------------+
; General Register Statistics                          ;
+----------------------------------------------+-------+
; Statistic                                    ; Value ;
+----------------------------------------------+-------+
; Total registers                              ; 62    ;
; Number of registers using Synchronous Clear  ; 0     ;
; Number of registers using Synchronous Load   ; 0     ;
; Number of registers using Asynchronous Clear ; 0     ;
; Number of registers using Asynchronous Load  ; 0     ;
; Number of registers using Clock Enable       ; 0     ;
; Number of registers using Preset             ; 0     ;
+----------------------------------------------+-------+


+--------------------------------------------------+
; Inverted Register Statistics                     ;
+----------------------------------------+---------+
; Inverted Register                      ; Fan out ;
+----------------------------------------+---------+
; div_frec:div_cont|cuenta[0]            ; 4       ;
; Total number of inverted registers = 1 ;         ;
+----------------------------------------+---------+


+----------------------------------------------------+
; Port Connectivity Checks: "FSM_LF:fsm_1|ffD:FFD_1" ;
+------+-------+----------+--------------------------+
; Port ; Type  ; Severity ; Details                  ;
+------+-------+----------+--------------------------+
; qin  ; Input ; Info     ; Stuck at GND             ;
; set  ; Input ; Info     ; Stuck at GND             ;
; rst  ; Input ; Info     ; Stuck at GND             ;
+------+-------+----------+--------------------------+


+----------------------------------------------------+
; Port Connectivity Checks: "FSM_LF:fsm_1|ffD:FFD_0" ;
+------+-------+----------+--------------------------+
; Port ; Type  ; Severity ; Details                  ;
+------+-------+----------+--------------------------+
; qin  ; Input ; Info     ; Stuck at GND             ;
; set  ; Input ; Info     ; Stuck at GND             ;
; rst  ; Input ; Info     ; Stuck at GND             ;
+------+-------+----------+--------------------------+


+----------------------------------------------------------------------------------------------------------------+
; Port Connectivity Checks: "FSM_LF:fsm_1"                                                                       ;
+------+--------+----------+-------------------------------------------------------------------------------------+
; Port ; Type   ; Severity ; Details                                                                             ;
+------+--------+----------+-------------------------------------------------------------------------------------+
; sal  ; Output ; Info     ; Connected to dangling logic. Logic that only feeds a dangling port will be removed. ;
+------+--------+----------+-------------------------------------------------------------------------------------+


+-------------------------------------------------+
; Port Connectivity Checks: "FSM_C:fsm_0|ffD:FQ1" ;
+------+-------+----------+-----------------------+
; Port ; Type  ; Severity ; Details               ;
+------+-------+----------+-----------------------+
; qin  ; Input ; Info     ; Stuck at GND          ;
; set  ; Input ; Info     ; Stuck at GND          ;
; rst  ; Input ; Info     ; Stuck at GND          ;
+------+-------+----------+-----------------------+


+-------------------------------------------------+
; Port Connectivity Checks: "FSM_C:fsm_0|ffD:FQ0" ;
+------+-------+----------+-----------------------+
; Port ; Type  ; Severity ; Details               ;
+------+-------+----------+-----------------------+
; qin  ; Input ; Info     ; Stuck at GND          ;
; set  ; Input ; Info     ; Stuck at GND          ;
; rst  ; Input ; Info     ; Stuck at GND          ;
+------+-------+----------+-----------------------+


+----------------------------------------------------------------------------------------------------------------+
; Port Connectivity Checks: "FSM_C:fsm_0"                                                                        ;
+------+--------+----------+-------------------------------------------------------------------------------------+
; Port ; Type   ; Severity ; Details                                                                             ;
+------+--------+----------+-------------------------------------------------------------------------------------+
; sal  ; Output ; Info     ; Connected to dangling logic. Logic that only feeds a dangling port will be removed. ;
+------+--------+----------+-------------------------------------------------------------------------------------+


+---------------------------------------------------------+
; Port Connectivity Checks: "contador:cont_C|ffJK:cont_3" ;
+------+-------+----------+-------------------------------+
; Port ; Type  ; Severity ; Details                       ;
+------+-------+----------+-------------------------------+
; vin  ; Input ; Info     ; Stuck at GND                  ;
+------+-------+----------+-------------------------------+


+---------------------------------------------------------+
; Port Connectivity Checks: "contador:cont_C|ffJK:cont_2" ;
+------+-------+----------+-------------------------------+
; Port ; Type  ; Severity ; Details                       ;
+------+-------+----------+-------------------------------+
; vin  ; Input ; Info     ; Stuck at GND                  ;
+------+-------+----------+-------------------------------+


+---------------------------------------------------------+
; Port Connectivity Checks: "contador:cont_C|ffJK:cont_1" ;
+------+-------+----------+-------------------------------+
; Port ; Type  ; Severity ; Details                       ;
+------+-------+----------+-------------------------------+
; vin  ; Input ; Info     ; Stuck at GND                  ;
+------+-------+----------+-------------------------------+


+---------------------------------------------------------+
; Port Connectivity Checks: "contador:cont_C|ffJK:cont_0" ;
+------+-------+----------+-------------------------------+
; Port ; Type  ; Severity ; Details                       ;
+------+-------+----------+-------------------------------+
; vin  ; Input ; Info     ; Stuck at GND                  ;
; j    ; Input ; Info     ; Stuck at VCC                  ;
; k    ; Input ; Info     ; Stuck at VCC                  ;
+------+-------+----------+-------------------------------+


+---------------------------------------------------+
; Port Connectivity Checks: "div_frec:div_ffD"      ;
+-----------------+-------+----------+--------------+
; Port            ; Type  ; Severity ; Details      ;
+-----------------+-------+----------+--------------+
; nciclos[26..24] ; Input ; Info     ; Stuck at VCC ;
; nciclos[22..20] ; Input ; Info     ; Stuck at VCC ;
; nciclos[17..16] ; Input ; Info     ; Stuck at VCC ;
; nciclos[12..11] ; Input ; Info     ; Stuck at VCC ;
; nciclos[31..27] ; Input ; Info     ; Stuck at GND ;
; nciclos[19..18] ; Input ; Info     ; Stuck at GND ;
; nciclos[10..9]  ; Input ; Info     ; Stuck at GND ;
; nciclos[5..0]   ; Input ; Info     ; Stuck at GND ;
; nciclos[23]     ; Input ; Info     ; Stuck at GND ;
; nciclos[15]     ; Input ; Info     ; Stuck at GND ;
; nciclos[14]     ; Input ; Info     ; Stuck at VCC ;
; nciclos[13]     ; Input ; Info     ; Stuck at GND ;
; nciclos[8]      ; Input ; Info     ; Stuck at VCC ;
; nciclos[7]      ; Input ; Info     ; Stuck at GND ;
; nciclos[6]      ; Input ; Info     ; Stuck at VCC ;
+-----------------+-------+----------+--------------+


+---------------------------------------------------+
; Port Connectivity Checks: "div_frec:div_cont"     ;
+-----------------+-------+----------+--------------+
; Port            ; Type  ; Severity ; Details      ;
+-----------------+-------+----------+--------------+
; nciclos[22..18] ; Input ; Info     ; Stuck at VCC ;
; nciclos[14..11] ; Input ; Info     ; Stuck at VCC ;
; nciclos[31..25] ; Input ; Info     ; Stuck at GND ;
; nciclos[10..7]  ; Input ; Info     ; Stuck at GND ;
; nciclos[5..0]   ; Input ; Info     ; Stuck at GND ;
; nciclos[24]     ; Input ; Info     ; Stuck at VCC ;
; nciclos[23]     ; Input ; Info     ; Stuck at GND ;
; nciclos[17]     ; Input ; Info     ; Stuck at GND ;
; nciclos[16]     ; Input ; Info     ; Stuck at VCC ;
; nciclos[15]     ; Input ; Info     ; Stuck at GND ;
; nciclos[6]      ; Input ; Info     ; Stuck at VCC ;
+-----------------+-------+----------+--------------+


+-----------------------------------------------------+
; Post-Synthesis Netlist Statistics for Top Partition ;
+-----------------------+-----------------------------+
; Type                  ; Count                       ;
+-----------------------+-----------------------------+
; boundary_port         ; 12                          ;
; cycloneiii_ff         ; 62                          ;
;     plain             ; 62                          ;
; cycloneiii_lcell_comb ; 117                         ;
;     arith             ; 53                          ;
;         2 data inputs ; 52                          ;
;         3 data inputs ; 1                           ;
;     normal            ; 64                          ;
;         0 data inputs ; 1                           ;
;         1 data inputs ; 8                           ;
;         2 data inputs ; 28                          ;
;         3 data inputs ; 6                           ;
;         4 data inputs ; 21                          ;
;                       ;                             ;
; Max LUT depth         ; 4.50                        ;
; Average LUT depth     ; 3.46                        ;
+-----------------------+-----------------------------+


+-------------------------------+
; Elapsed Time Per Partition    ;
+----------------+--------------+
; Partition Name ; Elapsed Time ;
+----------------+--------------+
; Top            ; 00:00:01     ;
+----------------+--------------+


+-------------------------------+
; Analysis & Synthesis Messages ;
+-------------------------------+
Info: *******************************************************************
Info: Running Quartus Prime Analysis & Synthesis
    Info: Version 20.1.0 Build 711 06/05/2020 SJ Lite Edition
    Info: Processing started: Fri Jun 23 17:16:56 2023
Info: Command: quartus_map --read_settings_files=on --write_settings_files=off P-Automated-Farm -c P-Automated-Farm
Warning (18236): Number of processors has not been specified which may cause overloading on shared machines.  Set the global assignment NUM_PARALLEL_PROCESSORS in your QSF to an appropriate value for best performance.
Info (20030): Parallel compilation is enabled and will use 2 of the 2 processors detected
Info (12021): Found 2 design units, including 1 entities, in source file main.vhd
    Info (12022): Found design unit 1: main-cerebro File: C:/intelFPGA_lite/20.1/proyects/P-Automated-Farm/main.vhd Line: 23
    Info (12023): Found entity 1: main File: C:/intelFPGA_lite/20.1/proyects/P-Automated-Farm/main.vhd Line: 7
Info (12021): Found 2 design units, including 1 entities, in source file contador.vhd
    Info (12022): Found design unit 1: contador-con File: C:/intelFPGA_lite/20.1/proyects/P-Automated-Farm/contador.vhd Line: 17
    Info (12023): Found entity 1: contador File: C:/intelFPGA_lite/20.1/proyects/P-Automated-Farm/contador.vhd Line: 7
Info (12021): Found 2 design units, including 1 entities, in source file ffjk.vhd
    Info (12022): Found design unit 1: ffJK-memoria File: C:/intelFPGA_lite/20.1/proyects/P-Automated-Farm/ffJK.vhd Line: 21
    Info (12023): Found entity 1: ffJK File: C:/intelFPGA_lite/20.1/proyects/P-Automated-Farm/ffJK.vhd Line: 6
Info (12021): Found 2 design units, including 1 entities, in source file div_frec.vhd
    Info (12022): Found design unit 1: div_frec-divisor File: C:/intelFPGA_lite/20.1/proyects/P-Automated-Farm/div_frec.vhd Line: 21
    Info (12023): Found entity 1: div_frec File: C:/intelFPGA_lite/20.1/proyects/P-Automated-Farm/div_frec.vhd Line: 7
Info (12021): Found 2 design units, including 1 entities, in source file anti_rebote.vhd
    Info (12022): Found design unit 1: anti_rebote-registro File: C:/intelFPGA_lite/20.1/proyects/P-Automated-Farm/anti_rebote.vhd Line: 19
    Info (12023): Found entity 1: anti_rebote File: C:/intelFPGA_lite/20.1/proyects/P-Automated-Farm/anti_rebote.vhd Line: 7
Info (12021): Found 2 design units, including 1 entities, in source file senal_pwm.vhd
    Info (12022): Found design unit 1: senal_PWM-control File: C:/intelFPGA_lite/20.1/proyects/P-Automated-Farm/senal_PWM.vhd Line: 16
    Info (12023): Found entity 1: senal_PWM File: C:/intelFPGA_lite/20.1/proyects/P-Automated-Farm/senal_PWM.vhd Line: 7
Info (12021): Found 2 design units, including 1 entities, in source file ffd.vhd
    Info (12022): Found design unit 1: ffD-state File: C:/intelFPGA_lite/20.1/proyects/P-Automated-Farm/ffD.vhd Line: 23
    Info (12023): Found entity 1: ffD File: C:/intelFPGA_lite/20.1/proyects/P-Automated-Farm/ffD.vhd Line: 6
Info (12021): Found 2 design units, including 1 entities, in source file fsm_lf.vhd
    Info (12022): Found design unit 1: FSM_LF-LF File: C:/intelFPGA_lite/20.1/proyects/P-Automated-Farm/FSM_LF.vhd Line: 28
    Info (12023): Found entity 1: FSM_LF File: C:/intelFPGA_lite/20.1/proyects/P-Automated-Farm/FSM_LF.vhd Line: 7
Info (12021): Found 2 design units, including 1 entities, in source file fsm_c.vhd
    Info (12022): Found design unit 1: FSM_C-C File: C:/intelFPGA_lite/20.1/proyects/P-Automated-Farm/FSM_C.vhd Line: 20
    Info (12023): Found entity 1: FSM_C File: C:/intelFPGA_lite/20.1/proyects/P-Automated-Farm/FSM_C.vhd Line: 7
Info (12127): Elaborating entity "main" for the top level hierarchy
Warning (10541): VHDL Signal Declaration warning at main.vhd(13): used implicit default value for signal "puerta" because signal was never assigned a value or an explicit default value. Use of implicit default value may introduce unintended design optimizations. File: C:/intelFPGA_lite/20.1/proyects/P-Automated-Farm/main.vhd Line: 13
Warning (10541): VHDL Signal Declaration warning at main.vhd(13): used implicit default value for signal "comedero" because signal was never assigned a value or an explicit default value. Use of implicit default value may introduce unintended design optimizations. File: C:/intelFPGA_lite/20.1/proyects/P-Automated-Farm/main.vhd Line: 13
Warning (10036): Verilog HDL or VHDL warning at main.vhd(113): object "Sc" assigned a value but never read File: C:/intelFPGA_lite/20.1/proyects/P-Automated-Farm/main.vhd Line: 113
Warning (10036): Verilog HDL or VHDL warning at main.vhd(113): object "Slf" assigned a value but never read File: C:/intelFPGA_lite/20.1/proyects/P-Automated-Farm/main.vhd Line: 113
Info (12128): Elaborating entity "div_frec" for hierarchy "div_frec:div_cont" File: C:/intelFPGA_lite/20.1/proyects/P-Automated-Farm/main.vhd Line: 119
Info (12128): Elaborating entity "contador" for hierarchy "contador:cont_C" File: C:/intelFPGA_lite/20.1/proyects/P-Automated-Farm/main.vhd Line: 124
Info (12128): Elaborating entity "ffJK" for hierarchy "contador:cont_C|ffJK:cont_0" File: C:/intelFPGA_lite/20.1/proyects/P-Automated-Farm/contador.vhd Line: 46
Info (12128): Elaborating entity "FSM_C" for hierarchy "FSM_C:fsm_0" File: C:/intelFPGA_lite/20.1/proyects/P-Automated-Farm/main.vhd Line: 129
Info (12128): Elaborating entity "ffD" for hierarchy "FSM_C:fsm_0|ffD:FQ0" File: C:/intelFPGA_lite/20.1/proyects/P-Automated-Farm/FSM_C.vhd Line: 45
Warning (10492): VHDL Process Statement warning at ffD.vhd(33): signal "set" is read inside the Process Statement but isn't in the Process Statement's sensitivity list File: C:/intelFPGA_lite/20.1/proyects/P-Automated-Farm/ffD.vhd Line: 33
Warning (10492): VHDL Process Statement warning at ffD.vhd(35): signal "rst" is read inside the Process Statement but isn't in the Process Statement's sensitivity list File: C:/intelFPGA_lite/20.1/proyects/P-Automated-Farm/ffD.vhd Line: 35
Info (12128): Elaborating entity "FSM_LF" for hierarchy "FSM_LF:fsm_1" File: C:/intelFPGA_lite/20.1/proyects/P-Automated-Farm/main.vhd Line: 138
Warning (19016): Clock multiplexers are found and protected
    Warning (19017): Found clock multiplexer f_FSM[1]~0 File: C:/intelFPGA_lite/20.1/proyects/P-Automated-Farm/main.vhd Line: 109
Warning (13024): Output pins are stuck at VCC or GND
    Warning (13410): Pin "puerta" is stuck at GND File: C:/intelFPGA_lite/20.1/proyects/P-Automated-Farm/main.vhd Line: 13
    Warning (13410): Pin "comedero" is stuck at GND File: C:/intelFPGA_lite/20.1/proyects/P-Automated-Farm/main.vhd Line: 13
Info (286030): Timing-Driven Synthesis is running
Info (16010): Generating hard_block partition "hard_block:auto_generated_inst"
    Info (16011): Adding 0 node(s), including 0 DDIO, 0 PLL, 0 transceiver and 0 LCELL
Warning (21074): Design contains 2 input pin(s) that do not drive logic
    Warning (15610): No output dependent on input pin "btn" File: C:/intelFPGA_lite/20.1/proyects/P-Automated-Farm/main.vhd Line: 10
    Warning (15610): No output dependent on input pin "calor" File: C:/intelFPGA_lite/20.1/proyects/P-Automated-Farm/main.vhd Line: 12
Info (21057): Implemented 124 device resources after synthesis - the final resource count might be different
    Info (21058): Implemented 6 input pins
    Info (21059): Implemented 6 output pins
    Info (21061): Implemented 112 logic cells
Info: Quartus Prime Analysis & Synthesis was successful. 0 errors, 15 warnings
    Info: Peak virtual memory: 4782 megabytes
    Info: Processing ended: Fri Jun 23 17:17:13 2023
    Info: Elapsed time: 00:00:17
    Info: Total CPU time (on all processors): 00:00:36


